<?xml version="1.0" encoding="UTF-8"?>
<testsuite name="com.hong.springboot.web.PostsApiControllerTest" tests="2" skipped="0" failures="0" errors="0" timestamp="2019-12-26T05:59:22" hostname="Inyongui-MacBook-Pro-2.local" time="0.141">
  <properties/>
  <testcase name="Posts_등록된다" classname="com.hong.springboot.web.PostsApiControllerTest" time="0.097"/>
  <testcase name="Posts_수정된다" classname="com.hong.springboot.web.PostsApiControllerTest" time="0.043"/>
  <system-out><![CDATA[2019-12-26 14:59:22.497  INFO 31752 --- [    Test worker] .b.t.c.SpringBootTestContextBootstrapper : Neither @ContextConfiguration nor @ContextHierarchy found for test class [com.hong.springboot.web.PostsApiControllerTest], using SpringBootContextLoader
2019-12-26 14:59:22.497  INFO 31752 --- [    Test worker] o.s.t.c.support.AbstractContextLoader    : Could not detect default resource locations for test class [com.hong.springboot.web.PostsApiControllerTest]: no resource found for suffixes {-context.xml, Context.groovy}.
2019-12-26 14:59:22.497  INFO 31752 --- [    Test worker] t.c.s.AnnotationConfigContextLoaderUtils : Could not detect default configuration classes for test class [com.hong.springboot.web.PostsApiControllerTest]: PostsApiControllerTest does not declare any static, non-private, non-final, nested classes annotated with @Configuration.
2019-12-26 14:59:22.499  INFO 31752 --- [    Test worker] .b.t.c.SpringBootTestContextBootstrapper : Found @SpringBootConfiguration com.hong.springboot.Application for test class com.hong.springboot.web.PostsApiControllerTest
2019-12-26 14:59:22.500  INFO 31752 --- [    Test worker] .b.t.c.SpringBootTestContextBootstrapper : Loaded default TestExecutionListener class names from location [META-INF/spring.factories]: [org.springframework.security.test.context.support.WithSecurityContextTestExecutionListener, org.springframework.security.test.context.support.ReactorContextTestExecutionListener, org.springframework.boot.test.autoconfigure.restdocs.RestDocsTestExecutionListener, org.springframework.boot.test.autoconfigure.web.client.MockRestServiceServerResetTestExecutionListener, org.springframework.boot.test.autoconfigure.web.servlet.MockMvcPrintOnlyOnFailureTestExecutionListener, org.springframework.boot.test.autoconfigure.web.servlet.WebDriverTestExecutionListener, org.springframework.boot.test.mock.mockito.MockitoTestExecutionListener, org.springframework.boot.test.mock.mockito.ResetMocksTestExecutionListener, org.springframework.test.context.web.ServletTestExecutionListener, org.springframework.test.context.support.DirtiesContextBeforeModesTestExecutionListener, org.springframework.test.context.support.DependencyInjectionTestExecutionListener, org.springframework.test.context.support.DirtiesContextTestExecutionListener, org.springframework.test.context.transaction.TransactionalTestExecutionListener, org.springframework.test.context.jdbc.SqlScriptsTestExecutionListener]
2019-12-26 14:59:22.500  INFO 31752 --- [    Test worker] .b.t.c.SpringBootTestContextBootstrapper : Using TestExecutionListeners: [org.springframework.test.context.web.ServletTestExecutionListener@7ebf78b, org.springframework.test.context.support.DirtiesContextBeforeModesTestExecutionListener@5a78d4d, org.springframework.boot.test.mock.mockito.MockitoTestExecutionListener@2ef71356, org.springframework.boot.test.autoconfigure.SpringBootDependencyInjectionTestExecutionListener@727e62b9, org.springframework.test.context.support.DirtiesContextTestExecutionListener@2af184d2, org.springframework.test.context.transaction.TransactionalTestExecutionListener@1385a924, org.springframework.test.context.jdbc.SqlScriptsTestExecutionListener@57e75a1, org.springframework.security.test.context.support.WithSecurityContextTestExecutionListener@414b41d, org.springframework.security.test.context.support.ReactorContextTestExecutionListener@22657759, org.springframework.boot.test.autoconfigure.restdocs.RestDocsTestExecutionListener@1c1726b8, org.springframework.boot.test.autoconfigure.web.client.MockRestServiceServerResetTestExecutionListener@6a328be6, org.springframework.boot.test.autoconfigure.web.servlet.MockMvcPrintOnlyOnFailureTestExecutionListener@4b277ee1, org.springframework.boot.test.autoconfigure.web.servlet.WebDriverTestExecutionListener@42711763, org.springframework.boot.test.mock.mockito.ResetMocksTestExecutionListener@67f6cb73]
2019-12-26 14:59:22.506  INFO 31752 --- [    Test worker] o.a.c.c.C.[Tomcat].[localhost].[/]       : Initializing Spring TestDispatcherServlet ''
2019-12-26 14:59:22.506  INFO 31752 --- [    Test worker] o.s.t.web.servlet.TestDispatcherServlet  : Initializing Servlet ''
2019-12-26 14:59:22.508  INFO 31752 --- [    Test worker] o.s.t.web.servlet.TestDispatcherServlet  : Completed initialization in 2 ms
2019-12-26 14:59:22.513 DEBUG 31752 --- [    Test worker] s.w.s.m.m.a.RequestMappingHandlerMapping : Mapped to public java.lang.Long com.hong.springboot.web.PostsApiController.save(com.hong.springboot.web.dto.PostsSaveRequestDto)
2019-12-26 14:59:22.564 DEBUG 31752 --- [    Test worker] m.m.a.RequestResponseBodyMethodProcessor : Read "application/json;charset=UTF-8" to [com.hong.springboot.web.dto.PostsSaveRequestDto@64f9ae04]
Hibernate: insert into posts (id, created_date, modifyied_date, author, content, title) values (null, ?, ?, ?, ?, ?)
2019-12-26 14:59:22.590 DEBUG 31752 --- [    Test worker] m.m.a.RequestResponseBodyMethodProcessor : Using 'application/json', given [*/*] and supported [application/json, application/*+json, application/json, application/*+json]
2019-12-26 14:59:22.591 DEBUG 31752 --- [    Test worker] m.m.a.RequestResponseBodyMethodProcessor : Writing [3]
Hibernate: select posts0_.id as id1_0_, posts0_.created_date as created_2_0_, posts0_.modifyied_date as modifyie3_0_, posts0_.author as author4_0_, posts0_.content as content5_0_, posts0_.title as title6_0_ from posts posts0_
Hibernate: select posts0_.id as id1_0_, posts0_.created_date as created_2_0_, posts0_.modifyied_date as modifyie3_0_, posts0_.author as author4_0_, posts0_.content as content5_0_, posts0_.title as title6_0_ from posts posts0_
Hibernate: delete from posts where id=?
2019-12-26 14:59:22.603  INFO 31752 --- [    Test worker] o.a.c.c.C.[Tomcat].[localhost].[/]       : Initializing Spring TestDispatcherServlet ''
2019-12-26 14:59:22.604  INFO 31752 --- [    Test worker] o.s.t.web.servlet.TestDispatcherServlet  : Initializing Servlet ''
2019-12-26 14:59:22.606  INFO 31752 --- [    Test worker] o.s.t.web.servlet.TestDispatcherServlet  : Completed initialization in 2 ms
Hibernate: insert into posts (id, created_date, modifyied_date, author, content, title) values (null, ?, ?, ?, ?, ?)
2019-12-26 14:59:22.612 DEBUG 31752 --- [    Test worker] s.w.s.m.m.a.RequestMappingHandlerMapping : Mapped to public java.lang.Long com.hong.springboot.web.PostsApiController.update(java.lang.Long,com.hong.springboot.web.dto.PostsUpdateRequestDto)
2019-12-26 14:59:22.617 DEBUG 31752 --- [    Test worker] m.m.a.RequestResponseBodyMethodProcessor : Read "application/json;charset=UTF-8" to [com.hong.springboot.web.dto.PostsUpdateRequestDto@3bf55979]
Hibernate: select posts0_.id as id1_0_0_, posts0_.created_date as created_2_0_0_, posts0_.modifyied_date as modifyie3_0_0_, posts0_.author as author4_0_0_, posts0_.content as content5_0_0_, posts0_.title as title6_0_0_ from posts posts0_ where posts0_.id=?
Hibernate: update posts set created_date=?, modifyied_date=?, author=?, content=?, title=? where id=?
2019-12-26 14:59:22.635 DEBUG 31752 --- [    Test worker] m.m.a.RequestResponseBodyMethodProcessor : Using 'application/json', given [*/*] and supported [application/json, application/*+json, application/json, application/*+json]
2019-12-26 14:59:22.635 DEBUG 31752 --- [    Test worker] m.m.a.RequestResponseBodyMethodProcessor : Writing [4]
Hibernate: select posts0_.id as id1_0_, posts0_.created_date as created_2_0_, posts0_.modifyied_date as modifyie3_0_, posts0_.author as author4_0_, posts0_.content as content5_0_, posts0_.title as title6_0_ from posts posts0_
Hibernate: select posts0_.id as id1_0_, posts0_.created_date as created_2_0_, posts0_.modifyied_date as modifyie3_0_, posts0_.author as author4_0_, posts0_.content as content5_0_, posts0_.title as title6_0_ from posts posts0_
Hibernate: delete from posts where id=?
]]></system-out>
  <system-err><![CDATA[]]></system-err>
</testsuite>
