<?xml version="1.0" encoding="UTF-8"?>
<testsuite name="com.hong.springboot.web.IndexCotrollerTest" tests="1" skipped="0" failures="0" errors="0" timestamp="2019-12-26T05:59:18" hostname="Inyongui-MacBook-Pro-2.local" time="0.405">
  <properties/>
  <testcase name="메인페이지_로딩" classname="com.hong.springboot.web.IndexCotrollerTest" time="0.405"/>
  <system-out><![CDATA[14:59:11.123 [Test worker] DEBUG org.springframework.test.context.junit4.SpringJUnit4ClassRunner - SpringJUnit4ClassRunner constructor called with [class com.hong.springboot.web.IndexCotrollerTest]
14:59:11.129 [Test worker] DEBUG org.springframework.test.context.BootstrapUtils - Instantiating CacheAwareContextLoaderDelegate from class [org.springframework.test.context.cache.DefaultCacheAwareContextLoaderDelegate]
14:59:11.137 [Test worker] DEBUG org.springframework.test.context.BootstrapUtils - Instantiating BootstrapContext using constructor [public org.springframework.test.context.support.DefaultBootstrapContext(java.lang.Class,org.springframework.test.context.CacheAwareContextLoaderDelegate)]
14:59:11.155 [Test worker] DEBUG org.springframework.test.context.BootstrapUtils - Instantiating TestContextBootstrapper for test class [com.hong.springboot.web.IndexCotrollerTest] from class [org.springframework.boot.test.context.SpringBootTestContextBootstrapper]
14:59:11.165 [Test worker] INFO org.springframework.boot.test.context.SpringBootTestContextBootstrapper - Neither @ContextConfiguration nor @ContextHierarchy found for test class [com.hong.springboot.web.IndexCotrollerTest], using SpringBootContextLoader
14:59:11.168 [Test worker] DEBUG org.springframework.test.context.support.AbstractContextLoader - Did not detect default resource location for test class [com.hong.springboot.web.IndexCotrollerTest]: class path resource [com/hong/springboot/web/IndexCotrollerTest-context.xml] does not exist
14:59:11.169 [Test worker] DEBUG org.springframework.test.context.support.AbstractContextLoader - Did not detect default resource location for test class [com.hong.springboot.web.IndexCotrollerTest]: class path resource [com/hong/springboot/web/IndexCotrollerTestContext.groovy] does not exist
14:59:11.169 [Test worker] INFO org.springframework.test.context.support.AbstractContextLoader - Could not detect default resource locations for test class [com.hong.springboot.web.IndexCotrollerTest]: no resource found for suffixes {-context.xml, Context.groovy}.
14:59:11.170 [Test worker] INFO org.springframework.test.context.support.AnnotationConfigContextLoaderUtils - Could not detect default configuration classes for test class [com.hong.springboot.web.IndexCotrollerTest]: IndexCotrollerTest does not declare any static, non-private, non-final, nested classes annotated with @Configuration.
14:59:11.212 [Test worker] DEBUG org.springframework.test.context.support.ActiveProfilesUtils - Could not find an 'annotation declaring class' for annotation type [org.springframework.test.context.ActiveProfiles] and class [com.hong.springboot.web.IndexCotrollerTest]
14:59:11.360 [Test worker] DEBUG org.springframework.context.annotation.ClassPathScanningCandidateComponentProvider - Identified candidate component class: file [/Users/inyonghong/Documents/spring_study/spring-boot-gradle-test/build/classes/java/main/com/hong/springboot/Application.class]
14:59:11.362 [Test worker] INFO org.springframework.boot.test.context.SpringBootTestContextBootstrapper - Found @SpringBootConfiguration com.hong.springboot.Application for test class com.hong.springboot.web.IndexCotrollerTest
14:59:11.457 [Test worker] DEBUG org.springframework.boot.test.context.SpringBootTestContextBootstrapper - @TestExecutionListeners is not present for class [com.hong.springboot.web.IndexCotrollerTest]: using defaults.
14:59:11.458 [Test worker] INFO org.springframework.boot.test.context.SpringBootTestContextBootstrapper - Loaded default TestExecutionListener class names from location [META-INF/spring.factories]: [org.springframework.security.test.context.support.WithSecurityContextTestExecutionListener, org.springframework.security.test.context.support.ReactorContextTestExecutionListener, org.springframework.boot.test.autoconfigure.restdocs.RestDocsTestExecutionListener, org.springframework.boot.test.autoconfigure.web.client.MockRestServiceServerResetTestExecutionListener, org.springframework.boot.test.autoconfigure.web.servlet.MockMvcPrintOnlyOnFailureTestExecutionListener, org.springframework.boot.test.autoconfigure.web.servlet.WebDriverTestExecutionListener, org.springframework.boot.test.mock.mockito.MockitoTestExecutionListener, org.springframework.boot.test.mock.mockito.ResetMocksTestExecutionListener, org.springframework.test.context.web.ServletTestExecutionListener, org.springframework.test.context.support.DirtiesContextBeforeModesTestExecutionListener, org.springframework.test.context.support.DependencyInjectionTestExecutionListener, org.springframework.test.context.support.DirtiesContextTestExecutionListener, org.springframework.test.context.transaction.TransactionalTestExecutionListener, org.springframework.test.context.jdbc.SqlScriptsTestExecutionListener]
14:59:11.474 [Test worker] INFO org.springframework.boot.test.context.SpringBootTestContextBootstrapper - Using TestExecutionListeners: [org.springframework.test.context.web.ServletTestExecutionListener@24e525ef, org.springframework.test.context.support.DirtiesContextBeforeModesTestExecutionListener@628e7e7e, org.springframework.boot.test.mock.mockito.MockitoTestExecutionListener@343b0e82, org.springframework.boot.test.autoconfigure.SpringBootDependencyInjectionTestExecutionListener@338f306, org.springframework.test.context.support.DirtiesContextTestExecutionListener@eff64d3, org.springframework.test.context.transaction.TransactionalTestExecutionListener@1f1396fc, org.springframework.test.context.jdbc.SqlScriptsTestExecutionListener@7330d482, org.springframework.security.test.context.support.WithSecurityContextTestExecutionListener@3754a921, org.springframework.security.test.context.support.ReactorContextTestExecutionListener@42788ae4, org.springframework.boot.test.autoconfigure.restdocs.RestDocsTestExecutionListener@41df4021, org.springframework.boot.test.autoconfigure.web.client.MockRestServiceServerResetTestExecutionListener@343e085c, org.springframework.boot.test.autoconfigure.web.servlet.MockMvcPrintOnlyOnFailureTestExecutionListener@26b1a25b, org.springframework.boot.test.autoconfigure.web.servlet.WebDriverTestExecutionListener@209823c3, org.springframework.boot.test.mock.mockito.ResetMocksTestExecutionListener@1b7db1b9]
14:59:11.476 [Test worker] DEBUG org.springframework.test.annotation.ProfileValueUtils - Retrieved @ProfileValueSourceConfiguration [null] for test class [com.hong.springboot.web.IndexCotrollerTest]
14:59:11.477 [Test worker] DEBUG org.springframework.test.annotation.ProfileValueUtils - Retrieved ProfileValueSource type [class org.springframework.test.annotation.SystemProfileValueSource] for class [com.hong.springboot.web.IndexCotrollerTest]
14:59:11.477 [Test worker] DEBUG org.springframework.test.annotation.ProfileValueUtils - Retrieved @ProfileValueSourceConfiguration [null] for test class [com.hong.springboot.web.IndexCotrollerTest]
14:59:11.477 [Test worker] DEBUG org.springframework.test.annotation.ProfileValueUtils - Retrieved ProfileValueSource type [class org.springframework.test.annotation.SystemProfileValueSource] for class [com.hong.springboot.web.IndexCotrollerTest]
14:59:11.481 [Test worker] DEBUG org.springframework.test.context.support.AbstractDirtiesContextTestExecutionListener - Before test class: context [DefaultTestContext@7b9bcdd8 testClass = IndexCotrollerTest, testInstance = [null], testMethod = [null], testException = [null], mergedContextConfiguration = [WebMergedContextConfiguration@700f5748 testClass = IndexCotrollerTest, locations = '{}', classes = '{class com.hong.springboot.Application}', contextInitializerClasses = '[]', activeProfiles = '{}', propertySourceLocations = '{}', propertySourceProperties = '{org.springframework.boot.test.context.SpringBootTestContextBootstrapper=true, server.port=0}', contextCustomizers = set[org.springframework.boot.test.autoconfigure.properties.PropertyMappingContextCustomizer@0, org.springframework.boot.test.autoconfigure.web.servlet.WebDriverContextCustomizerFactory$Customizer@2375f965, org.springframework.boot.test.context.filter.ExcludeFilterContextCustomizer@7777aadb, org.springframework.boot.test.json.DuplicateJsonObjectContextCustomizerFactory$DuplicateJsonObjectContextCustomizer@447cde9e, org.springframework.boot.test.mock.mockito.MockitoContextCustomizer@0, org.springframework.boot.test.web.client.TestRestTemplateContextCustomizer@53fd84fd], resourceBasePath = 'src/main/webapp', contextLoader = 'org.springframework.boot.test.context.SpringBootContextLoader', parent = [null]], attributes = map['org.springframework.test.context.web.ServletTestExecutionListener.activateListener' -> false]], class annotated with @DirtiesContext [false] with mode [null].
14:59:11.481 [Test worker] DEBUG org.springframework.test.annotation.ProfileValueUtils - Retrieved @ProfileValueSourceConfiguration [null] for test class [com.hong.springboot.web.IndexCotrollerTest]
14:59:11.482 [Test worker] DEBUG org.springframework.test.annotation.ProfileValueUtils - Retrieved ProfileValueSource type [class org.springframework.test.annotation.SystemProfileValueSource] for class [com.hong.springboot.web.IndexCotrollerTest]
14:59:11.488 [Test worker] DEBUG org.springframework.test.context.support.DependencyInjectionTestExecutionListener - Performing dependency injection for test context [[DefaultTestContext@7b9bcdd8 testClass = IndexCotrollerTest, testInstance = com.hong.springboot.web.IndexCotrollerTest@32d6bd17, testMethod = [null], testException = [null], mergedContextConfiguration = [WebMergedContextConfiguration@700f5748 testClass = IndexCotrollerTest, locations = '{}', classes = '{class com.hong.springboot.Application}', contextInitializerClasses = '[]', activeProfiles = '{}', propertySourceLocations = '{}', propertySourceProperties = '{org.springframework.boot.test.context.SpringBootTestContextBootstrapper=true, server.port=0}', contextCustomizers = set[org.springframework.boot.test.autoconfigure.properties.PropertyMappingContextCustomizer@0, org.springframework.boot.test.autoconfigure.web.servlet.WebDriverContextCustomizerFactory$Customizer@2375f965, org.springframework.boot.test.context.filter.ExcludeFilterContextCustomizer@7777aadb, org.springframework.boot.test.json.DuplicateJsonObjectContextCustomizerFactory$DuplicateJsonObjectContextCustomizer@447cde9e, org.springframework.boot.test.mock.mockito.MockitoContextCustomizer@0, org.springframework.boot.test.web.client.TestRestTemplateContextCustomizer@53fd84fd], resourceBasePath = 'src/main/webapp', contextLoader = 'org.springframework.boot.test.context.SpringBootContextLoader', parent = [null]], attributes = map['org.springframework.test.context.web.ServletTestExecutionListener.activateListener' -> false]]].
14:59:11.509 [Test worker] DEBUG org.springframework.test.context.support.TestPropertySourceUtils - Adding inlined properties to environment: {spring.jmx.enabled=false, org.springframework.boot.test.context.SpringBootTestContextBootstrapper=true, server.port=0}

  .   ____          _            __ _ _
 /\\ / ___'_ __ _ _(_)_ __  __ _ \ \ \ \
( ( )\___ | '_ | '_| | '_ \/ _` | \ \ \ \
 \\/  ___)| |_)| | | | | || (_| |  ) ) ) )
  '  |____| .__|_| |_|_| |_\__, | / / / /
 =========|_|==============|___/=/_/_/_/
 :: Spring Boot ::        (v2.1.7.RELEASE)

2019-12-26 14:59:11.803  INFO 31752 --- [    Test worker] c.h.springboot.web.IndexCotrollerTest    : Starting IndexCotrollerTest on Inyongui-MacBook-Pro-2.local with PID 31752 (started by inyonghong in /Users/inyonghong/Documents/spring_study/spring-boot-gradle-test)
2019-12-26 14:59:11.805  INFO 31752 --- [    Test worker] c.h.springboot.web.IndexCotrollerTest    : The following profiles are active: oauth
2019-12-26 14:59:12.830  INFO 31752 --- [    Test worker] .s.d.r.c.RepositoryConfigurationDelegate : Bootstrapping Spring Data repositories in DEFAULT mode.
2019-12-26 14:59:12.913  INFO 31752 --- [    Test worker] .s.d.r.c.RepositoryConfigurationDelegate : Finished Spring Data repository scanning in 72ms. Found 2 repository interfaces.
2019-12-26 14:59:13.472  INFO 31752 --- [    Test worker] trationDelegate$BeanPostProcessorChecker : Bean 'org.springframework.transaction.annotation.ProxyTransactionManagementConfiguration' of type [org.springframework.transaction.annotation.ProxyTransactionManagementConfiguration$$EnhancerBySpringCGLIB$$f4421b7e] is not eligible for getting processed by all BeanPostProcessors (for example: not eligible for auto-proxying)
2019-12-26 14:59:13.978  INFO 31752 --- [    Test worker] o.s.b.w.embedded.tomcat.TomcatWebServer  : Tomcat initialized with port(s): 0 (http)
2019-12-26 14:59:14.010  INFO 31752 --- [    Test worker] o.apache.catalina.core.StandardService   : Starting service [Tomcat]
2019-12-26 14:59:14.011  INFO 31752 --- [    Test worker] org.apache.catalina.core.StandardEngine  : Starting Servlet engine: [Apache Tomcat/9.0.22]
2019-12-26 14:59:14.163  INFO 31752 --- [    Test worker] o.a.c.c.C.[Tomcat].[localhost].[/]       : Initializing Spring embedded WebApplicationContext
2019-12-26 14:59:14.163 DEBUG 31752 --- [    Test worker] o.s.web.context.ContextLoader            : Published root WebApplicationContext as ServletContext attribute with name [org.springframework.web.context.WebApplicationContext.ROOT]
2019-12-26 14:59:14.164  INFO 31752 --- [    Test worker] o.s.web.context.ContextLoader            : Root WebApplicationContext: initialization completed in 2336 ms
2019-12-26 14:59:14.514  INFO 31752 --- [    Test worker] com.zaxxer.hikari.HikariDataSource       : HikariPool-1 - Starting...
2019-12-26 14:59:14.754  INFO 31752 --- [    Test worker] com.zaxxer.hikari.HikariDataSource       : HikariPool-1 - Start completed.
2019-12-26 14:59:14.887  INFO 31752 --- [    Test worker] o.hibernate.jpa.internal.util.LogHelper  : HHH000204: Processing PersistenceUnitInfo [
	name: default
	...]
2019-12-26 14:59:14.989  INFO 31752 --- [    Test worker] org.hibernate.Version                    : HHH000412: Hibernate Core {5.3.10.Final}
2019-12-26 14:59:14.993  INFO 31752 --- [    Test worker] org.hibernate.cfg.Environment            : HHH000206: hibernate.properties not found
2019-12-26 14:59:15.179  INFO 31752 --- [    Test worker] o.hibernate.annotations.common.Version   : HCANN000001: Hibernate Commons Annotations {5.0.4.Final}
2019-12-26 14:59:15.416  INFO 31752 --- [    Test worker] org.hibernate.dialect.Dialect            : HHH000400: Using dialect: org.hibernate.dialect.H2Dialect
Hibernate: drop table posts if exists
Hibernate: drop table user if exists
Hibernate: create table posts (id bigint generated by default as identity, created_date timestamp, modifyied_date timestamp, author varchar(255), content TEXT not null, title varchar(500) not null, primary key (id))
Hibernate: create table user (id bigint generated by default as identity, created_date timestamp, modifyied_date timestamp, email varchar(255) not null, name varchar(255) not null, picture varchar(255), role varchar(255) not null, primary key (id))
2019-12-26 14:59:16.169  INFO 31752 --- [    Test worker] o.h.t.schema.internal.SchemaCreatorImpl  : HHH000476: Executing import script 'org.hibernate.tool.schema.internal.exec.ScriptSourceInputNonExistentImpl@381b16cc'
2019-12-26 14:59:16.172  INFO 31752 --- [    Test worker] j.LocalContainerEntityManagerFactoryBean : Initialized JPA EntityManagerFactory for persistence unit 'default'
2019-12-26 14:59:16.302 DEBUG 31752 --- [    Test worker] o.s.b.w.s.ServletContextInitializerBeans : Mapping filters: filterRegistrationBean urls=[/*], springSecurityFilterChain urls=[/*], characterEncodingFilter urls=[/*], hiddenHttpMethodFilter urls=[/*], formContentFilter urls=[/*], requestContextFilter urls=[/*]
2019-12-26 14:59:16.302 DEBUG 31752 --- [    Test worker] o.s.b.w.s.ServletContextInitializerBeans : Mapping servlets: dispatcherServlet urls=[/], webServlet urls=[/h2-console/*]
2019-12-26 14:59:17.189  INFO 31752 --- [    Test worker] o.h.h.i.QueryTranslatorFactoryInitiator  : HHH000397: Using ASTQueryTranslatorFactory
2019-12-26 14:59:17.699  INFO 31752 --- [    Test worker] o.s.s.web.DefaultSecurityFilterChain     : Creating filter chain: any request, [org.springframework.security.web.context.request.async.WebAsyncManagerIntegrationFilter@1abb7abd, org.springframework.security.web.context.SecurityContextPersistenceFilter@7eccc18c, org.springframework.security.web.header.HeaderWriterFilter@7bef46c2, org.springframework.security.web.authentication.logout.LogoutFilter@2986f226, org.springframework.security.oauth2.client.web.OAuth2AuthorizationRequestRedirectFilter@65799bb9, org.springframework.security.oauth2.client.web.OAuth2LoginAuthenticationFilter@76016031, org.springframework.security.web.authentication.ui.DefaultLoginPageGeneratingFilter@1ab42bac, org.springframework.security.web.authentication.ui.DefaultLogoutPageGeneratingFilter@66bf8cf8, org.springframework.security.web.savedrequest.RequestCacheAwareFilter@1e69f64d, org.springframework.security.web.servletapi.SecurityContextHolderAwareRequestFilter@10f19ce5, org.springframework.security.web.authentication.AnonymousAuthenticationFilter@5cab9cde, org.springframework.security.web.session.SessionManagementFilter@6fae98f3, org.springframework.security.web.access.ExceptionTranslationFilter@3e236c37, org.springframework.security.web.access.intercept.FilterSecurityInterceptor@c7c5fd8]
2019-12-26 14:59:17.829 DEBUG 31752 --- [    Test worker] o.s.w.s.handler.SimpleUrlHandlerMapping  : Patterns [/**/favicon.ico] in 'faviconHandlerMapping'
2019-12-26 14:59:18.108  INFO 31752 --- [    Test worker] o.s.s.concurrent.ThreadPoolTaskExecutor  : Initializing ExecutorService 'applicationTaskExecutor'
2019-12-26 14:59:18.127 DEBUG 31752 --- [    Test worker] s.w.s.m.m.a.RequestMappingHandlerAdapter : ControllerAdvice beans: 0 @ModelAttribute, 0 @InitBinder, 1 RequestBodyAdvice, 1 ResponseBodyAdvice
2019-12-26 14:59:18.176  WARN 31752 --- [    Test worker] aWebConfiguration$JpaWebMvcConfiguration : spring.jpa.open-in-view is enabled by default. Therefore, database queries may be performed during view rendering. Explicitly configure spring.jpa.open-in-view to disable this warning
2019-12-26 14:59:18.232 DEBUG 31752 --- [    Test worker] s.w.s.m.m.a.RequestMappingHandlerMapping : 11 mappings in 'requestMappingHandlerMapping'
2019-12-26 14:59:18.237  INFO 31752 --- [    Test worker] o.s.b.a.w.s.WelcomePageHandlerMapping    : Adding welcome page template: index
2019-12-26 14:59:18.274 DEBUG 31752 --- [    Test worker] o.s.w.s.handler.SimpleUrlHandlerMapping  : Patterns [/webjars/**, /**] in 'resourceHandlerMapping'
2019-12-26 14:59:18.293 DEBUG 31752 --- [    Test worker] .m.m.a.ExceptionHandlerExceptionResolver : ControllerAdvice beans: 0 @ExceptionHandler, 1 ResponseBodyAdvice
2019-12-26 14:59:18.700  INFO 31752 --- [    Test worker] s.a.ScheduledAnnotationBeanPostProcessor : No TaskScheduler/ScheduledExecutorService bean found for scheduled processing
2019-12-26 14:59:18.731  INFO 31752 --- [    Test worker] o.s.b.w.embedded.tomcat.TomcatWebServer  : Tomcat started on port(s): 53972 (http) with context path ''
2019-12-26 14:59:18.737  INFO 31752 --- [    Test worker] c.h.springboot.web.IndexCotrollerTest    : Started IndexCotrollerTest in 7.226 seconds (JVM running for 8.412)
2019-12-26 14:59:18.827 DEBUG 31752 --- [    Test worker] o.s.web.client.RestTemplate              : HTTP GET http://localhost:53972/
2019-12-26 14:59:18.832 DEBUG 31752 --- [    Test worker] o.s.web.client.RestTemplate              : Accept=[text/plain, application/json, application/*+json, */*]
2019-12-26 14:59:18.948  INFO 31752 --- [o-auto-1-exec-1] o.a.c.c.C.[Tomcat].[localhost].[/]       : Initializing Spring DispatcherServlet 'dispatcherServlet'
2019-12-26 14:59:18.949  INFO 31752 --- [o-auto-1-exec-1] o.s.web.servlet.DispatcherServlet        : Initializing Servlet 'dispatcherServlet'
2019-12-26 14:59:18.950 DEBUG 31752 --- [o-auto-1-exec-1] o.s.web.servlet.DispatcherServlet        : Detected StandardServletMultipartResolver
2019-12-26 14:59:18.974 DEBUG 31752 --- [o-auto-1-exec-1] o.s.web.servlet.DispatcherServlet        : enableLoggingRequestDetails='false': request parameters and headers will be masked to prevent unsafe logging of potentially sensitive data
2019-12-26 14:59:18.974  INFO 31752 --- [o-auto-1-exec-1] o.s.web.servlet.DispatcherServlet        : Completed initialization in 25 ms
2019-12-26 14:59:19.007 DEBUG 31752 --- [o-auto-1-exec-1] o.s.web.servlet.DispatcherServlet        : GET "/", parameters={}
2019-12-26 14:59:19.015 DEBUG 31752 --- [o-auto-1-exec-1] s.w.s.m.m.a.RequestMappingHandlerMapping : Mapped to public java.lang.String com.hong.springboot.web.IndexCotroller.index(org.springframework.ui.Model,com.hong.springboot.config.auth.dto.SessionUser)
Hibernate: select posts0_.id as id1_0_, posts0_.created_date as created_2_0_, posts0_.modifyied_date as modifyie3_0_, posts0_.author as author4_0_, posts0_.content as content5_0_, posts0_.title as title6_0_ from posts posts0_ order by posts0_.id DESC
2019-12-26 14:59:19.103 DEBUG 31752 --- [o-auto-1-exec-1] o.s.w.s.v.ContentNegotiatingViewResolver : Selected '*/*' given [text/plain, application/json, application/*+json, */*]
2019-12-26 14:59:19.123 DEBUG 31752 --- [o-auto-1-exec-1] o.s.web.servlet.DispatcherServlet        : Completed 200 OK
2019-12-26 14:59:19.140 DEBUG 31752 --- [    Test worker] o.s.web.client.RestTemplate              : Response 200 OK
2019-12-26 14:59:19.141 DEBUG 31752 --- [    Test worker] o.s.web.client.RestTemplate              : Reading to [java.lang.String] as "text/html;charset=UTF-8"
]]></system-out>
  <system-err><![CDATA[]]></system-err>
</testsuite>
