<?xml version="1.0" encoding="UTF-8"?>
<testsuite name="com.hong.springboot.web.HelloControllerTest" tests="2" skipped="0" failures="0" errors="0" timestamp="2019-12-22T07:13:30" hostname="Inyongui-MacBook-Pro-2.local" time="0.317">
  <properties/>
  <testcase name="HelloResponseDto가_리턴된다" classname="com.hong.springboot.web.HelloControllerTest" time="0.305"/>
  <testcase name="hello가_리턴된다" classname="com.hong.springboot.web.HelloControllerTest" time="0.01"/>
  <system-out><![CDATA[16:13:27.002 [Test worker] DEBUG org.springframework.test.context.junit4.SpringJUnit4ClassRunner - SpringJUnit4ClassRunner constructor called with [class com.hong.springboot.web.HelloControllerTest]
16:13:27.010 [Test worker] DEBUG org.springframework.test.context.BootstrapUtils - Instantiating CacheAwareContextLoaderDelegate from class [org.springframework.test.context.cache.DefaultCacheAwareContextLoaderDelegate]
16:13:27.019 [Test worker] DEBUG org.springframework.test.context.BootstrapUtils - Instantiating BootstrapContext using constructor [public org.springframework.test.context.support.DefaultBootstrapContext(java.lang.Class,org.springframework.test.context.CacheAwareContextLoaderDelegate)]
16:13:27.042 [Test worker] DEBUG org.springframework.test.context.BootstrapUtils - Instantiating TestContextBootstrapper for test class [com.hong.springboot.web.HelloControllerTest] from class [org.springframework.boot.test.autoconfigure.web.servlet.WebMvcTestContextBootstrapper]
16:13:27.059 [Test worker] INFO org.springframework.boot.test.autoconfigure.web.servlet.WebMvcTestContextBootstrapper - Neither @ContextConfiguration nor @ContextHierarchy found for test class [com.hong.springboot.web.HelloControllerTest], using SpringBootContextLoader
16:13:27.062 [Test worker] DEBUG org.springframework.test.context.support.AbstractContextLoader - Did not detect default resource location for test class [com.hong.springboot.web.HelloControllerTest]: class path resource [com/hong/springboot/web/HelloControllerTest-context.xml] does not exist
16:13:27.062 [Test worker] DEBUG org.springframework.test.context.support.AbstractContextLoader - Did not detect default resource location for test class [com.hong.springboot.web.HelloControllerTest]: class path resource [com/hong/springboot/web/HelloControllerTestContext.groovy] does not exist
16:13:27.063 [Test worker] INFO org.springframework.test.context.support.AbstractContextLoader - Could not detect default resource locations for test class [com.hong.springboot.web.HelloControllerTest]: no resource found for suffixes {-context.xml, Context.groovy}.
16:13:27.063 [Test worker] INFO org.springframework.test.context.support.AnnotationConfigContextLoaderUtils - Could not detect default configuration classes for test class [com.hong.springboot.web.HelloControllerTest]: HelloControllerTest does not declare any static, non-private, non-final, nested classes annotated with @Configuration.
16:13:27.140 [Test worker] DEBUG org.springframework.test.context.support.ActiveProfilesUtils - Could not find an 'annotation declaring class' for annotation type [org.springframework.test.context.ActiveProfiles] and class [com.hong.springboot.web.HelloControllerTest]
16:13:27.217 [Test worker] DEBUG org.springframework.context.annotation.ClassPathScanningCandidateComponentProvider - Identified candidate component class: file [/Users/inyonghong/Documents/spring_study/spring-boot-gradle-test/build/classes/java/main/com/hong/springboot/Application.class]
16:13:27.218 [Test worker] INFO org.springframework.boot.test.context.SpringBootTestContextBootstrapper - Found @SpringBootConfiguration com.hong.springboot.Application for test class com.hong.springboot.web.HelloControllerTest
16:13:27.220 [Test worker] DEBUG org.springframework.boot.test.autoconfigure.web.servlet.WebMvcTestContextBootstrapper - @TestExecutionListeners is not present for class [com.hong.springboot.web.HelloControllerTest]: using defaults.
16:13:27.221 [Test worker] INFO org.springframework.boot.test.autoconfigure.web.servlet.WebMvcTestContextBootstrapper - Loaded default TestExecutionListener class names from location [META-INF/spring.factories]: [org.springframework.security.test.context.support.WithSecurityContextTestExecutionListener, org.springframework.security.test.context.support.ReactorContextTestExecutionListener, org.springframework.boot.test.autoconfigure.restdocs.RestDocsTestExecutionListener, org.springframework.boot.test.autoconfigure.web.client.MockRestServiceServerResetTestExecutionListener, org.springframework.boot.test.autoconfigure.web.servlet.MockMvcPrintOnlyOnFailureTestExecutionListener, org.springframework.boot.test.autoconfigure.web.servlet.WebDriverTestExecutionListener, org.springframework.boot.test.mock.mockito.MockitoTestExecutionListener, org.springframework.boot.test.mock.mockito.ResetMocksTestExecutionListener, org.springframework.test.context.web.ServletTestExecutionListener, org.springframework.test.context.support.DirtiesContextBeforeModesTestExecutionListener, org.springframework.test.context.support.DependencyInjectionTestExecutionListener, org.springframework.test.context.support.DirtiesContextTestExecutionListener, org.springframework.test.context.transaction.TransactionalTestExecutionListener, org.springframework.test.context.jdbc.SqlScriptsTestExecutionListener]
16:13:27.242 [Test worker] INFO org.springframework.boot.test.autoconfigure.web.servlet.WebMvcTestContextBootstrapper - Using TestExecutionListeners: [org.springframework.test.context.web.ServletTestExecutionListener@600a5d68, org.springframework.test.context.support.DirtiesContextBeforeModesTestExecutionListener@21503c7c, org.springframework.boot.test.mock.mockito.MockitoTestExecutionListener@7407ab33, org.springframework.boot.test.autoconfigure.SpringBootDependencyInjectionTestExecutionListener@59bdcf1c, org.springframework.test.context.support.DirtiesContextTestExecutionListener@6b6e385e, org.springframework.test.context.transaction.TransactionalTestExecutionListener@4bfd5a93, org.springframework.test.context.jdbc.SqlScriptsTestExecutionListener@26a3eec, org.springframework.security.test.context.support.WithSecurityContextTestExecutionListener@3518c492, org.springframework.security.test.context.support.ReactorContextTestExecutionListener@2faea6a7, org.springframework.boot.test.autoconfigure.restdocs.RestDocsTestExecutionListener@e264803, org.springframework.boot.test.autoconfigure.web.client.MockRestServiceServerResetTestExecutionListener@5d689a75, org.springframework.boot.test.autoconfigure.web.servlet.MockMvcPrintOnlyOnFailureTestExecutionListener@2ea7f91e, org.springframework.boot.test.autoconfigure.web.servlet.WebDriverTestExecutionListener@7466e9f3, org.springframework.boot.test.mock.mockito.ResetMocksTestExecutionListener@48bcc12c]
16:13:27.245 [Test worker] DEBUG org.springframework.test.annotation.ProfileValueUtils - Retrieved @ProfileValueSourceConfiguration [null] for test class [com.hong.springboot.web.HelloControllerTest]
16:13:27.245 [Test worker] DEBUG org.springframework.test.annotation.ProfileValueUtils - Retrieved ProfileValueSource type [class org.springframework.test.annotation.SystemProfileValueSource] for class [com.hong.springboot.web.HelloControllerTest]
16:13:27.246 [Test worker] DEBUG org.springframework.test.annotation.ProfileValueUtils - Retrieved @ProfileValueSourceConfiguration [null] for test class [com.hong.springboot.web.HelloControllerTest]
16:13:27.246 [Test worker] DEBUG org.springframework.test.annotation.ProfileValueUtils - Retrieved ProfileValueSource type [class org.springframework.test.annotation.SystemProfileValueSource] for class [com.hong.springboot.web.HelloControllerTest]
16:13:27.251 [Test worker] DEBUG org.springframework.test.context.support.AbstractDirtiesContextTestExecutionListener - Before test class: context [DefaultTestContext@4f1074dc testClass = HelloControllerTest, testInstance = [null], testMethod = [null], testException = [null], mergedContextConfiguration = [WebMergedContextConfiguration@46fc05fa testClass = HelloControllerTest, locations = '{}', classes = '{class com.hong.springboot.Application}', contextInitializerClasses = '[]', activeProfiles = '{}', propertySourceLocations = '{}', propertySourceProperties = '{org.springframework.boot.test.autoconfigure.web.servlet.WebMvcTestContextBootstrapper=true}', contextCustomizers = set[org.springframework.boot.test.autoconfigure.OverrideAutoConfigurationContextCustomizerFactory$DisableAutoConfigurationContextCustomizer@1a7da717, org.springframework.boot.test.autoconfigure.filter.TypeExcludeFiltersContextCustomizer@df1546d9, org.springframework.boot.test.autoconfigure.properties.PropertyMappingContextCustomizer@a236b0d8, org.springframework.boot.test.autoconfigure.web.servlet.WebDriverContextCustomizerFactory$Customizer@29c74476, [ImportsContextCustomizer@78156366 key = [org.springframework.boot.autoconfigure.cache.CacheAutoConfiguration, org.springframework.boot.autoconfigure.context.MessageSourceAutoConfiguration, org.springframework.boot.autoconfigure.data.web.SpringDataWebAutoConfiguration, org.springframework.boot.autoconfigure.freemarker.FreeMarkerAutoConfiguration, org.springframework.boot.autoconfigure.groovy.template.GroovyTemplateAutoConfiguration, org.springframework.boot.autoconfigure.gson.GsonAutoConfiguration, org.springframework.boot.autoconfigure.hateoas.HypermediaAutoConfiguration, org.springframework.boot.autoconfigure.http.HttpMessageConvertersAutoConfiguration, org.springframework.boot.autoconfigure.jackson.JacksonAutoConfiguration, org.springframework.boot.autoconfigure.jsonb.JsonbAutoConfiguration, org.springframework.boot.autoconfigure.mustache.MustacheAutoConfiguration, org.springframework.boot.autoconfigure.task.TaskExecutionAutoConfiguration, org.springframework.boot.autoconfigure.thymeleaf.ThymeleafAutoConfiguration, org.springframework.boot.autoconfigure.validation.ValidationAutoConfiguration, org.springframework.boot.autoconfigure.web.servlet.error.ErrorMvcAutoConfiguration, org.springframework.boot.autoconfigure.web.servlet.WebMvcAutoConfiguration, org.springframework.boot.test.autoconfigure.web.servlet.MockMvcAutoConfiguration, org.springframework.boot.test.autoconfigure.web.servlet.MockMvcSecurityAutoConfiguration, org.springframework.boot.test.autoconfigure.web.servlet.MockMvcWebClientAutoConfiguration, org.springframework.boot.test.autoconfigure.web.servlet.MockMvcWebDriverAutoConfiguration]], org.springframework.boot.test.context.filter.ExcludeFilterContextCustomizer@31a08963, org.springframework.boot.test.json.DuplicateJsonObjectContextCustomizerFactory$DuplicateJsonObjectContextCustomizer@539d33a, org.springframework.boot.test.mock.mockito.MockitoContextCustomizer@0], resourceBasePath = 'src/main/webapp', contextLoader = 'org.springframework.boot.test.context.SpringBootContextLoader', parent = [null]], attributes = map[[empty]]], class annotated with @DirtiesContext [false] with mode [null].
16:13:27.252 [Test worker] DEBUG org.springframework.test.annotation.ProfileValueUtils - Retrieved @ProfileValueSourceConfiguration [null] for test class [com.hong.springboot.web.HelloControllerTest]
16:13:27.252 [Test worker] DEBUG org.springframework.test.annotation.ProfileValueUtils - Retrieved ProfileValueSource type [class org.springframework.test.annotation.SystemProfileValueSource] for class [com.hong.springboot.web.HelloControllerTest]
16:13:27.257 [Test worker] DEBUG org.springframework.test.context.support.DependencyInjectionTestExecutionListener - Performing dependency injection for test context [[DefaultTestContext@4f1074dc testClass = HelloControllerTest, testInstance = com.hong.springboot.web.HelloControllerTest@7772049c, testMethod = [null], testException = [null], mergedContextConfiguration = [WebMergedContextConfiguration@46fc05fa testClass = HelloControllerTest, locations = '{}', classes = '{class com.hong.springboot.Application}', contextInitializerClasses = '[]', activeProfiles = '{}', propertySourceLocations = '{}', propertySourceProperties = '{org.springframework.boot.test.autoconfigure.web.servlet.WebMvcTestContextBootstrapper=true}', contextCustomizers = set[org.springframework.boot.test.autoconfigure.OverrideAutoConfigurationContextCustomizerFactory$DisableAutoConfigurationContextCustomizer@1a7da717, org.springframework.boot.test.autoconfigure.filter.TypeExcludeFiltersContextCustomizer@df1546d9, org.springframework.boot.test.autoconfigure.properties.PropertyMappingContextCustomizer@a236b0d8, org.springframework.boot.test.autoconfigure.web.servlet.WebDriverContextCustomizerFactory$Customizer@29c74476, [ImportsContextCustomizer@78156366 key = [org.springframework.boot.autoconfigure.cache.CacheAutoConfiguration, org.springframework.boot.autoconfigure.context.MessageSourceAutoConfiguration, org.springframework.boot.autoconfigure.data.web.SpringDataWebAutoConfiguration, org.springframework.boot.autoconfigure.freemarker.FreeMarkerAutoConfiguration, org.springframework.boot.autoconfigure.groovy.template.GroovyTemplateAutoConfiguration, org.springframework.boot.autoconfigure.gson.GsonAutoConfiguration, org.springframework.boot.autoconfigure.hateoas.HypermediaAutoConfiguration, org.springframework.boot.autoconfigure.http.HttpMessageConvertersAutoConfiguration, org.springframework.boot.autoconfigure.jackson.JacksonAutoConfiguration, org.springframework.boot.autoconfigure.jsonb.JsonbAutoConfiguration, org.springframework.boot.autoconfigure.mustache.MustacheAutoConfiguration, org.springframework.boot.autoconfigure.task.TaskExecutionAutoConfiguration, org.springframework.boot.autoconfigure.thymeleaf.ThymeleafAutoConfiguration, org.springframework.boot.autoconfigure.validation.ValidationAutoConfiguration, org.springframework.boot.autoconfigure.web.servlet.error.ErrorMvcAutoConfiguration, org.springframework.boot.autoconfigure.web.servlet.WebMvcAutoConfiguration, org.springframework.boot.test.autoconfigure.web.servlet.MockMvcAutoConfiguration, org.springframework.boot.test.autoconfigure.web.servlet.MockMvcSecurityAutoConfiguration, org.springframework.boot.test.autoconfigure.web.servlet.MockMvcWebClientAutoConfiguration, org.springframework.boot.test.autoconfigure.web.servlet.MockMvcWebDriverAutoConfiguration]], org.springframework.boot.test.context.filter.ExcludeFilterContextCustomizer@31a08963, org.springframework.boot.test.json.DuplicateJsonObjectContextCustomizerFactory$DuplicateJsonObjectContextCustomizer@539d33a, org.springframework.boot.test.mock.mockito.MockitoContextCustomizer@0], resourceBasePath = 'src/main/webapp', contextLoader = 'org.springframework.boot.test.context.SpringBootContextLoader', parent = [null]], attributes = map[[empty]]]].
16:13:27.390 [Test worker] DEBUG org.springframework.test.context.support.TestPropertySourceUtils - Adding inlined properties to environment: {spring.jmx.enabled=false, org.springframework.boot.test.autoconfigure.web.servlet.WebMvcTestContextBootstrapper=true, server.port=-1}

  .   ____          _            __ _ _
 /\\ / ___'_ __ _ _(_)_ __  __ _ \ \ \ \
( ( )\___ | '_ | '_| | '_ \/ _` | \ \ \ \
 \\/  ___)| |_)| | | | | || (_| |  ) ) ) )
  '  |____| .__|_| |_|_| |_\__, | / / / /
 =========|_|==============|___/=/_/_/_/
 :: Spring Boot ::        (v2.1.7.RELEASE)

2019-12-22 16:13:27.904  INFO 28904 --- [    Test worker] c.h.springboot.web.HelloControllerTest   : Starting HelloControllerTest on Inyongui-MacBook-Pro-2.local with PID 28904 (started by inyonghong in /Users/inyonghong/Documents/spring_study/spring-boot-gradle-test)
2019-12-22 16:13:27.905  INFO 28904 --- [    Test worker] c.h.springboot.web.HelloControllerTest   : The following profiles are active: oauth
2019-12-22 16:13:27.928 DEBUG 28904 --- [    Test worker] o.s.w.c.s.GenericWebApplicationContext   : Refreshing org.springframework.web.context.support.GenericWebApplicationContext@4917f74a
2019-12-22 16:13:28.949 DEBUG 28904 --- [    Test worker] o.s.w.s.handler.SimpleUrlHandlerMapping  : Patterns [/**/favicon.ico] in 'faviconHandlerMapping'
2019-12-22 16:13:29.278  INFO 28904 --- [    Test worker] o.s.s.concurrent.ThreadPoolTaskExecutor  : Initializing ExecutorService 'applicationTaskExecutor'
2019-12-22 16:13:29.293 DEBUG 28904 --- [    Test worker] s.w.s.m.m.a.RequestMappingHandlerAdapter : ControllerAdvice beans: 0 @ModelAttribute, 0 @InitBinder, 1 RequestBodyAdvice, 1 ResponseBodyAdvice
2019-12-22 16:13:29.361 DEBUG 28904 --- [    Test worker] s.w.s.m.m.a.RequestMappingHandlerMapping : 4 mappings in 'requestMappingHandlerMapping'
2019-12-22 16:13:29.365  INFO 28904 --- [    Test worker] o.s.b.a.w.s.WelcomePageHandlerMapping    : Adding welcome page template: index
2019-12-22 16:13:29.405 DEBUG 28904 --- [    Test worker] o.s.w.s.handler.SimpleUrlHandlerMapping  : Patterns [/webjars/**, /**] in 'resourceHandlerMapping'
2019-12-22 16:13:29.414 DEBUG 28904 --- [    Test worker] .m.m.a.ExceptionHandlerExceptionResolver : ControllerAdvice beans: 0 @ExceptionHandler, 1 ResponseBodyAdvice
2019-12-22 16:13:29.704  INFO 28904 --- [    Test worker] .s.s.UserDetailsServiceAutoConfiguration : 

Using generated security password: 1b7a0d82-f093-4de8-ae3f-e4cd38ad253f

2019-12-22 16:13:29.971  INFO 28904 --- [    Test worker] o.s.s.web.DefaultSecurityFilterChain     : Creating filter chain: any request, [org.springframework.security.web.context.request.async.WebAsyncManagerIntegrationFilter@4dc7c551, org.springframework.security.web.context.SecurityContextPersistenceFilter@1d6d9d99, org.springframework.security.web.header.HeaderWriterFilter@35a78f59, org.springframework.security.web.csrf.CsrfFilter@724594ff, org.springframework.security.web.authentication.logout.LogoutFilter@2bf0f405, org.springframework.security.web.authentication.UsernamePasswordAuthenticationFilter@baf2e03, org.springframework.security.web.authentication.ui.DefaultLoginPageGeneratingFilter@336cf81d, org.springframework.security.web.authentication.ui.DefaultLogoutPageGeneratingFilter@3fc324b1, org.springframework.security.web.authentication.www.BasicAuthenticationFilter@57546a1f, org.springframework.security.web.savedrequest.RequestCacheAwareFilter@575b947e, org.springframework.security.web.servletapi.SecurityContextHolderAwareRequestFilter@4799ca45, org.springframework.security.web.authentication.AnonymousAuthenticationFilter@7870986d, org.springframework.security.web.session.SessionManagementFilter@3d38811d, org.springframework.security.web.access.ExceptionTranslationFilter@3b23ccd5, org.springframework.security.web.access.intercept.FilterSecurityInterceptor@70e76b11]
2019-12-22 16:13:29.985 DEBUG 28904 --- [    Test worker] o.s.b.w.s.ServletContextInitializerBeans : Mapping filters: hiddenHttpMethodFilter urls=[/*], formContentFilter urls=[/*], requestContextFilter urls=[/*], springSecurityFilterChain urls=[/*]
2019-12-22 16:13:29.985 DEBUG 28904 --- [    Test worker] o.s.b.w.s.ServletContextInitializerBeans : Mapping servlets: 
2019-12-22 16:13:30.024  INFO 28904 --- [    Test worker] o.s.b.t.m.w.SpringBootMockServletContext : Initializing Spring TestDispatcherServlet ''
2019-12-22 16:13:30.024  INFO 28904 --- [    Test worker] o.s.t.web.servlet.TestDispatcherServlet  : Initializing Servlet ''
2019-12-22 16:13:30.038  INFO 28904 --- [    Test worker] o.s.t.web.servlet.TestDispatcherServlet  : Completed initialization in 13 ms
2019-12-22 16:13:30.087  INFO 28904 --- [    Test worker] c.h.springboot.web.HelloControllerTest   : Started HelloControllerTest in 2.688 seconds (JVM running for 3.734)
2019-12-22 16:13:30.293 DEBUG 28904 --- [    Test worker] s.w.s.m.m.a.RequestMappingHandlerMapping : Mapped to public com.hong.springboot.web.dto.HelloResponseDto com.hong.springboot.web.HelloController.helloDto(java.lang.String,int)
2019-12-22 16:13:30.350 DEBUG 28904 --- [    Test worker] m.m.a.RequestResponseBodyMethodProcessor : Using 'application/json;charset=UTF-8', given [application/json;charset=UTF-8] and supported [application/json, application/*+json, application/json, application/*+json]
2019-12-22 16:13:30.351 DEBUG 28904 --- [    Test worker] m.m.a.RequestResponseBodyMethodProcessor : Writing [com.hong.springboot.web.dto.HelloResponseDto@b52b578]

MockHttpServletRequest:
      HTTP Method = GET
      Request URI = /hello/dto
       Parameters = {name=[name], amount=[1000]}
          Headers = [Accept:"application/json;charset=UTF-8"]
             Body = <no character encoding set>
    Session Attrs = {SPRING_SECURITY_CONTEXT=org.springframework.security.core.context.SecurityContextImpl@ca25360: Authentication: org.springframework.security.authentication.UsernamePasswordAuthenticationToken@ca25360: Principal: org.springframework.security.core.userdetails.User@36ebcb: Username: user; Password: [PROTECTED]; Enabled: true; AccountNonExpired: true; credentialsNonExpired: true; AccountNonLocked: true; Granted Authorities: ROLE_USER; Credentials: [PROTECTED]; Authenticated: true; Details: null; Granted Authorities: ROLE_USER}

Handler:
             Type = com.hong.springboot.web.HelloController
           Method = public com.hong.springboot.web.dto.HelloResponseDto com.hong.springboot.web.HelloController.helloDto(java.lang.String,int)

Async:
    Async started = false
     Async result = null

Resolved Exception:
             Type = null

ModelAndView:
        View name = null
             View = null
            Model = null

FlashMap:
       Attributes = null

MockHttpServletResponse:
           Status = 200
    Error message = null
          Headers = [Content-Type:"application/json;charset=UTF-8", X-Content-Type-Options:"nosniff", X-XSS-Protection:"1; mode=block", Cache-Control:"no-cache, no-store, max-age=0, must-revalidate", Pragma:"no-cache", Expires:"0", X-Frame-Options:"DENY"]
     Content type = application/json;charset=UTF-8
             Body = {"name":"name","amount":1000}
    Forwarded URL = null
   Redirected URL = null
          Cookies = []
2019-12-22 16:13:30.404 DEBUG 28904 --- [    Test worker] s.w.s.m.m.a.RequestMappingHandlerMapping : Mapped to public java.lang.String com.hong.springboot.web.HelloController.hello()
2019-12-22 16:13:30.404 DEBUG 28904 --- [    Test worker] m.m.a.RequestResponseBodyMethodProcessor : Using 'text/plain', given [*/*] and supported [text/plain, */*, text/plain, */*, application/json, application/*+json, application/json, application/*+json]
2019-12-22 16:13:30.405 DEBUG 28904 --- [    Test worker] m.m.a.RequestResponseBodyMethodProcessor : Writing ["hello"]
]]></system-out>
  <system-err><![CDATA[]]></system-err>
</testsuite>
