<?xml version="1.0" encoding="UTF-8"?>
<testsuite name="com.hong.springboot.web.HelloControllerTest" tests="2" skipped="0" failures="0" errors="0" timestamp="2019-12-26T05:59:22" hostname="Inyongui-MacBook-Pro-2.local" time="0.154">
  <properties/>
  <testcase name="HelloResponseDto가_리턴된다" classname="com.hong.springboot.web.HelloControllerTest" time="0.142"/>
  <testcase name="hello가_리턴된다" classname="com.hong.springboot.web.HelloControllerTest" time="0.011"/>
  <system-out><![CDATA[2019-12-26 14:59:21.295  INFO 31752 --- [    Test worker] .b.t.a.w.s.WebMvcTestContextBootstrapper : Neither @ContextConfiguration nor @ContextHierarchy found for test class [com.hong.springboot.web.HelloControllerTest], using SpringBootContextLoader
2019-12-26 14:59:21.296  INFO 31752 --- [    Test worker] o.s.t.c.support.AbstractContextLoader    : Could not detect default resource locations for test class [com.hong.springboot.web.HelloControllerTest]: no resource found for suffixes {-context.xml, Context.groovy}.
2019-12-26 14:59:21.297  INFO 31752 --- [    Test worker] t.c.s.AnnotationConfigContextLoaderUtils : Could not detect default configuration classes for test class [com.hong.springboot.web.HelloControllerTest]: HelloControllerTest does not declare any static, non-private, non-final, nested classes annotated with @Configuration.
2019-12-26 14:59:21.321  INFO 31752 --- [    Test worker] .b.t.c.SpringBootTestContextBootstrapper : Found @SpringBootConfiguration com.hong.springboot.Application for test class com.hong.springboot.web.HelloControllerTest
2019-12-26 14:59:21.322  INFO 31752 --- [    Test worker] .b.t.a.w.s.WebMvcTestContextBootstrapper : Loaded default TestExecutionListener class names from location [META-INF/spring.factories]: [org.springframework.security.test.context.support.WithSecurityContextTestExecutionListener, org.springframework.security.test.context.support.ReactorContextTestExecutionListener, org.springframework.boot.test.autoconfigure.restdocs.RestDocsTestExecutionListener, org.springframework.boot.test.autoconfigure.web.client.MockRestServiceServerResetTestExecutionListener, org.springframework.boot.test.autoconfigure.web.servlet.MockMvcPrintOnlyOnFailureTestExecutionListener, org.springframework.boot.test.autoconfigure.web.servlet.WebDriverTestExecutionListener, org.springframework.boot.test.mock.mockito.MockitoTestExecutionListener, org.springframework.boot.test.mock.mockito.ResetMocksTestExecutionListener, org.springframework.test.context.web.ServletTestExecutionListener, org.springframework.test.context.support.DirtiesContextBeforeModesTestExecutionListener, org.springframework.test.context.support.DependencyInjectionTestExecutionListener, org.springframework.test.context.support.DirtiesContextTestExecutionListener, org.springframework.test.context.transaction.TransactionalTestExecutionListener, org.springframework.test.context.jdbc.SqlScriptsTestExecutionListener]
2019-12-26 14:59:21.323  INFO 31752 --- [    Test worker] .b.t.a.w.s.WebMvcTestContextBootstrapper : Using TestExecutionListeners: [org.springframework.test.context.web.ServletTestExecutionListener@4074f5c1, org.springframework.test.context.support.DirtiesContextBeforeModesTestExecutionListener@114fee1, org.springframework.boot.test.mock.mockito.MockitoTestExecutionListener@1ba79b49, org.springframework.boot.test.autoconfigure.SpringBootDependencyInjectionTestExecutionListener@12aa9f87, org.springframework.test.context.support.DirtiesContextTestExecutionListener@7517aaee, org.springframework.test.context.transaction.TransactionalTestExecutionListener@5352a15b, org.springframework.test.context.jdbc.SqlScriptsTestExecutionListener@748805ab, org.springframework.security.test.context.support.WithSecurityContextTestExecutionListener@3218ea1a, org.springframework.security.test.context.support.ReactorContextTestExecutionListener@7a10766d, org.springframework.boot.test.autoconfigure.restdocs.RestDocsTestExecutionListener@3c8e580d, org.springframework.boot.test.autoconfigure.web.client.MockRestServiceServerResetTestExecutionListener@89fb76a, org.springframework.boot.test.autoconfigure.web.servlet.MockMvcPrintOnlyOnFailureTestExecutionListener@7d22c459, org.springframework.boot.test.autoconfigure.web.servlet.WebDriverTestExecutionListener@478668e, org.springframework.boot.test.mock.mockito.ResetMocksTestExecutionListener@4af8183c]

  .   ____          _            __ _ _
 /\\ / ___'_ __ _ _(_)_ __  __ _ \ \ \ \
( ( )\___ | '_ | '_| | '_ \/ _` | \ \ \ \
 \\/  ___)| |_)| | | | | || (_| |  ) ) ) )
  '  |____| .__|_| |_|_| |_\__, | / / / /
 =========|_|==============|___/=/_/_/_/
 :: Spring Boot ::        (v2.1.7.RELEASE)

2019-12-26 14:59:21.378  INFO 31752 --- [    Test worker] c.h.springboot.web.HelloControllerTest   : Starting HelloControllerTest on Inyongui-MacBook-Pro-2.local with PID 31752 (started by inyonghong in /Users/inyonghong/Documents/spring_study/spring-boot-gradle-test)
2019-12-26 14:59:21.378  INFO 31752 --- [    Test worker] c.h.springboot.web.HelloControllerTest   : The following profiles are active: oauth
2019-12-26 14:59:21.382 DEBUG 31752 --- [    Test worker] o.s.w.c.s.GenericWebApplicationContext   : Refreshing org.springframework.web.context.support.GenericWebApplicationContext@572fb59b
2019-12-26 14:59:21.804 DEBUG 31752 --- [    Test worker] o.s.w.s.handler.SimpleUrlHandlerMapping  : Patterns [/**/favicon.ico] in 'faviconHandlerMapping'
2019-12-26 14:59:21.927  INFO 31752 --- [    Test worker] o.s.s.concurrent.ThreadPoolTaskExecutor  : Initializing ExecutorService 'applicationTaskExecutor'
2019-12-26 14:59:21.937 DEBUG 31752 --- [    Test worker] s.w.s.m.m.a.RequestMappingHandlerAdapter : ControllerAdvice beans: 0 @ModelAttribute, 0 @InitBinder, 1 RequestBodyAdvice, 1 ResponseBodyAdvice
2019-12-26 14:59:21.955 DEBUG 31752 --- [    Test worker] s.w.s.m.m.a.RequestMappingHandlerMapping : 4 mappings in 'requestMappingHandlerMapping'
2019-12-26 14:59:21.957  INFO 31752 --- [    Test worker] o.s.b.a.w.s.WelcomePageHandlerMapping    : Adding welcome page template: index
2019-12-26 14:59:21.974 DEBUG 31752 --- [    Test worker] o.s.w.s.handler.SimpleUrlHandlerMapping  : Patterns [/webjars/**, /**] in 'resourceHandlerMapping'
2019-12-26 14:59:21.983 DEBUG 31752 --- [    Test worker] .m.m.a.ExceptionHandlerExceptionResolver : ControllerAdvice beans: 0 @ExceptionHandler, 1 ResponseBodyAdvice
2019-12-26 14:59:22.145  INFO 31752 --- [    Test worker] .s.s.UserDetailsServiceAutoConfiguration : 

Using generated security password: 67b6395f-9d0b-47a6-af4d-ad7fef8e19c2

2019-12-26 14:59:22.262  INFO 31752 --- [    Test worker] o.s.s.web.DefaultSecurityFilterChain     : Creating filter chain: any request, [org.springframework.security.web.context.request.async.WebAsyncManagerIntegrationFilter@5d7ded2e, org.springframework.security.web.context.SecurityContextPersistenceFilter@7250c9c8, org.springframework.security.web.header.HeaderWriterFilter@65e8541b, org.springframework.security.web.csrf.CsrfFilter@58837d9, org.springframework.security.web.authentication.logout.LogoutFilter@1028377d, org.springframework.security.web.authentication.UsernamePasswordAuthenticationFilter@5aa680ce, org.springframework.security.web.authentication.ui.DefaultLoginPageGeneratingFilter@3d3fccd8, org.springframework.security.web.authentication.ui.DefaultLogoutPageGeneratingFilter@70de75e0, org.springframework.security.web.authentication.www.BasicAuthenticationFilter@6c2bad0e, org.springframework.security.web.savedrequest.RequestCacheAwareFilter@6f338bb3, org.springframework.security.web.servletapi.SecurityContextHolderAwareRequestFilter@48dc52c2, org.springframework.security.web.authentication.AnonymousAuthenticationFilter@412ce528, org.springframework.security.web.session.SessionManagementFilter@211a8180, org.springframework.security.web.access.ExceptionTranslationFilter@48aaaa83, org.springframework.security.web.access.intercept.FilterSecurityInterceptor@1a513438]
2019-12-26 14:59:22.272 DEBUG 31752 --- [    Test worker] o.s.b.w.s.ServletContextInitializerBeans : Mapping filters: hiddenHttpMethodFilter urls=[/*], formContentFilter urls=[/*], requestContextFilter urls=[/*], springSecurityFilterChain urls=[/*]
2019-12-26 14:59:22.273 DEBUG 31752 --- [    Test worker] o.s.b.w.s.ServletContextInitializerBeans : Mapping servlets: 
2019-12-26 14:59:22.290  INFO 31752 --- [    Test worker] o.s.b.t.m.w.SpringBootMockServletContext : Initializing Spring TestDispatcherServlet ''
2019-12-26 14:59:22.290  INFO 31752 --- [    Test worker] o.s.t.web.servlet.TestDispatcherServlet  : Initializing Servlet ''
2019-12-26 14:59:22.301  INFO 31752 --- [    Test worker] o.s.t.web.servlet.TestDispatcherServlet  : Completed initialization in 11 ms
2019-12-26 14:59:22.335  INFO 31752 --- [    Test worker] c.h.springboot.web.HelloControllerTest   : Started HelloControllerTest in 1.01 seconds (JVM running for 12.01)
2019-12-26 14:59:22.357 DEBUG 31752 --- [    Test worker] s.w.s.m.m.a.RequestMappingHandlerMapping : Mapped to public com.hong.springboot.web.dto.HelloResponseDto com.hong.springboot.web.HelloController.helloDto(java.lang.String,int)
2019-12-26 14:59:22.431 DEBUG 31752 --- [    Test worker] m.m.a.RequestResponseBodyMethodProcessor : Using 'application/json;charset=UTF-8', given [application/json;charset=UTF-8] and supported [application/json, application/*+json, application/json, application/*+json]
2019-12-26 14:59:22.434 DEBUG 31752 --- [    Test worker] m.m.a.RequestResponseBodyMethodProcessor : Writing [com.hong.springboot.web.dto.HelloResponseDto@51f5ce79]

MockHttpServletRequest:
      HTTP Method = GET
      Request URI = /hello/dto
       Parameters = {name=[name], amount=[1000]}
          Headers = [Accept:"application/json;charset=UTF-8"]
             Body = <no character encoding set>
    Session Attrs = {SPRING_SECURITY_CONTEXT=org.springframework.security.core.context.SecurityContextImpl@ca25360: Authentication: org.springframework.security.authentication.UsernamePasswordAuthenticationToken@ca25360: Principal: org.springframework.security.core.userdetails.User@36ebcb: Username: user; Password: [PROTECTED]; Enabled: true; AccountNonExpired: true; credentialsNonExpired: true; AccountNonLocked: true; Granted Authorities: ROLE_USER; Credentials: [PROTECTED]; Authenticated: true; Details: null; Granted Authorities: ROLE_USER}

Handler:
             Type = com.hong.springboot.web.HelloController
           Method = public com.hong.springboot.web.dto.HelloResponseDto com.hong.springboot.web.HelloController.helloDto(java.lang.String,int)

Async:
    Async started = false
     Async result = null

Resolved Exception:
             Type = null

ModelAndView:
        View name = null
             View = null
            Model = null

FlashMap:
       Attributes = null

MockHttpServletResponse:
           Status = 200
    Error message = null
          Headers = [Content-Type:"application/json;charset=UTF-8", X-Content-Type-Options:"nosniff", X-XSS-Protection:"1; mode=block", Cache-Control:"no-cache, no-store, max-age=0, must-revalidate", Pragma:"no-cache", Expires:"0", X-Frame-Options:"DENY"]
     Content type = application/json;charset=UTF-8
             Body = {"name":"name","amount":1000}
    Forwarded URL = null
   Redirected URL = null
          Cookies = []
2019-12-26 14:59:22.487 DEBUG 31752 --- [    Test worker] s.w.s.m.m.a.RequestMappingHandlerMapping : Mapped to public java.lang.String com.hong.springboot.web.HelloController.hello()
2019-12-26 14:59:22.488 DEBUG 31752 --- [    Test worker] m.m.a.RequestResponseBodyMethodProcessor : Using 'text/plain', given [*/*] and supported [text/plain, */*, text/plain, */*, application/json, application/*+json, application/json, application/*+json]
2019-12-26 14:59:22.488 DEBUG 31752 --- [    Test worker] m.m.a.RequestResponseBodyMethodProcessor : Writing ["hello"]
]]></system-out>
  <system-err><![CDATA[]]></system-err>
</testsuite>
