<?xml version="1.0" encoding="UTF-8"?>
<testsuite name="com.hong.springboot.web.domain.posts.PostsRepositoryTest" tests="2" skipped="0" failures="0" errors="0" timestamp="2019-12-26T05:59:21" hostname="Inyongui-MacBook-Pro-2.local" time="0.268">
  <properties/>
  <testcase name="게시글_저장_불러오기" classname="com.hong.springboot.web.domain.posts.PostsRepositoryTest" time="0.256"/>
  <testcase name="BaseTimeEntity_등록" classname="com.hong.springboot.web.domain.posts.PostsRepositoryTest" time="0.011"/>
  <system-out><![CDATA[2019-12-26 14:59:19.157  INFO 31752 --- [    Test worker] .b.t.c.SpringBootTestContextBootstrapper : Neither @ContextConfiguration nor @ContextHierarchy found for test class [com.hong.springboot.web.domain.posts.PostsRepositoryTest], using SpringBootContextLoader
2019-12-26 14:59:19.158  INFO 31752 --- [    Test worker] o.s.t.c.support.AbstractContextLoader    : Could not detect default resource locations for test class [com.hong.springboot.web.domain.posts.PostsRepositoryTest]: no resource found for suffixes {-context.xml, Context.groovy}.
2019-12-26 14:59:19.159  INFO 31752 --- [    Test worker] t.c.s.AnnotationConfigContextLoaderUtils : Could not detect default configuration classes for test class [com.hong.springboot.web.domain.posts.PostsRepositoryTest]: PostsRepositoryTest does not declare any static, non-private, non-final, nested classes annotated with @Configuration.
2019-12-26 14:59:19.170  INFO 31752 --- [    Test worker] .b.t.c.SpringBootTestContextBootstrapper : Found @SpringBootConfiguration com.hong.springboot.Application for test class com.hong.springboot.web.domain.posts.PostsRepositoryTest
2019-12-26 14:59:19.172  INFO 31752 --- [    Test worker] .b.t.c.SpringBootTestContextBootstrapper : Loaded default TestExecutionListener class names from location [META-INF/spring.factories]: [org.springframework.security.test.context.support.WithSecurityContextTestExecutionListener, org.springframework.security.test.context.support.ReactorContextTestExecutionListener, org.springframework.boot.test.autoconfigure.restdocs.RestDocsTestExecutionListener, org.springframework.boot.test.autoconfigure.web.client.MockRestServiceServerResetTestExecutionListener, org.springframework.boot.test.autoconfigure.web.servlet.MockMvcPrintOnlyOnFailureTestExecutionListener, org.springframework.boot.test.autoconfigure.web.servlet.WebDriverTestExecutionListener, org.springframework.boot.test.mock.mockito.MockitoTestExecutionListener, org.springframework.boot.test.mock.mockito.ResetMocksTestExecutionListener, org.springframework.test.context.web.ServletTestExecutionListener, org.springframework.test.context.support.DirtiesContextBeforeModesTestExecutionListener, org.springframework.test.context.support.DependencyInjectionTestExecutionListener, org.springframework.test.context.support.DirtiesContextTestExecutionListener, org.springframework.test.context.transaction.TransactionalTestExecutionListener, org.springframework.test.context.jdbc.SqlScriptsTestExecutionListener]
2019-12-26 14:59:19.173  INFO 31752 --- [    Test worker] .b.t.c.SpringBootTestContextBootstrapper : Using TestExecutionListeners: [org.springframework.test.context.web.ServletTestExecutionListener@675d2022, org.springframework.test.context.support.DirtiesContextBeforeModesTestExecutionListener@6a2c54ac, org.springframework.boot.test.mock.mockito.MockitoTestExecutionListener@14aa1480, org.springframework.boot.test.autoconfigure.SpringBootDependencyInjectionTestExecutionListener@4ed24b34, org.springframework.test.context.support.DirtiesContextTestExecutionListener@40803efc, org.springframework.test.context.transaction.TransactionalTestExecutionListener@48819b74, org.springframework.test.context.jdbc.SqlScriptsTestExecutionListener@c4b88f0, org.springframework.security.test.context.support.WithSecurityContextTestExecutionListener@509cf9a6, org.springframework.security.test.context.support.ReactorContextTestExecutionListener@112a4a97, org.springframework.boot.test.autoconfigure.restdocs.RestDocsTestExecutionListener@553429fd, org.springframework.boot.test.autoconfigure.web.client.MockRestServiceServerResetTestExecutionListener@5e827a3, org.springframework.boot.test.autoconfigure.web.servlet.MockMvcPrintOnlyOnFailureTestExecutionListener@328eaf71, org.springframework.boot.test.autoconfigure.web.servlet.WebDriverTestExecutionListener@71b33545, org.springframework.boot.test.mock.mockito.ResetMocksTestExecutionListener@53c914f]

  .   ____          _            __ _ _
 /\\ / ___'_ __ _ _(_)_ __  __ _ \ \ \ \
( ( )\___ | '_ | '_| | '_ \/ _` | \ \ \ \
 \\/  ___)| |_)| | | | | || (_| |  ) ) ) )
  '  |____| .__|_| |_|_| |_\__, | / / / /
 =========|_|==============|___/=/_/_/_/
 :: Spring Boot ::        (v2.1.7.RELEASE)

2019-12-26 14:59:19.222  INFO 31752 --- [    Test worker] c.h.s.w.d.posts.PostsRepositoryTest      : Starting PostsRepositoryTest on Inyongui-MacBook-Pro-2.local with PID 31752 (started by inyonghong in /Users/inyonghong/Documents/spring_study/spring-boot-gradle-test)
2019-12-26 14:59:19.222  INFO 31752 --- [    Test worker] c.h.s.w.d.posts.PostsRepositoryTest      : The following profiles are active: oauth
2019-12-26 14:59:19.225 DEBUG 31752 --- [    Test worker] o.s.w.c.s.GenericWebApplicationContext   : Refreshing org.springframework.web.context.support.GenericWebApplicationContext@4032731d
2019-12-26 14:59:19.438  INFO 31752 --- [    Test worker] .s.d.r.c.RepositoryConfigurationDelegate : Bootstrapping Spring Data repositories in DEFAULT mode.
2019-12-26 14:59:19.456  INFO 31752 --- [    Test worker] .s.d.r.c.RepositoryConfigurationDelegate : Finished Spring Data repository scanning in 18ms. Found 2 repository interfaces.
2019-12-26 14:59:19.570  INFO 31752 --- [    Test worker] trationDelegate$BeanPostProcessorChecker : Bean 'org.springframework.transaction.annotation.ProxyTransactionManagementConfiguration' of type [org.springframework.transaction.annotation.ProxyTransactionManagementConfiguration$$EnhancerBySpringCGLIB$$f4421b7e] is not eligible for getting processed by all BeanPostProcessors (for example: not eligible for auto-proxying)
2019-12-26 14:59:19.661  INFO 31752 --- [    Test worker] com.zaxxer.hikari.HikariDataSource       : HikariPool-2 - Starting...
2019-12-26 14:59:19.662  INFO 31752 --- [    Test worker] com.zaxxer.hikari.HikariDataSource       : HikariPool-2 - Start completed.
2019-12-26 14:59:19.691  INFO 31752 --- [    Test worker] o.hibernate.jpa.internal.util.LogHelper  : HHH000204: Processing PersistenceUnitInfo [
	name: default
	...]
2019-12-26 14:59:19.698  INFO 31752 --- [    Test worker] org.hibernate.dialect.Dialect            : HHH000400: Using dialect: org.hibernate.dialect.H2Dialect
Hibernate: drop table posts if exists
Hibernate: drop table user if exists
Hibernate: create table posts (id bigint generated by default as identity, created_date timestamp, modifyied_date timestamp, author varchar(255), content TEXT not null, title varchar(500) not null, primary key (id))
Hibernate: create table user (id bigint generated by default as identity, created_date timestamp, modifyied_date timestamp, email varchar(255) not null, name varchar(255) not null, picture varchar(255), role varchar(255) not null, primary key (id))
2019-12-26 14:59:19.752  INFO 31752 --- [    Test worker] o.h.t.schema.internal.SchemaCreatorImpl  : HHH000476: Executing import script 'org.hibernate.tool.schema.internal.exec.ScriptSourceInputNonExistentImpl@381b16cc'
2019-12-26 14:59:19.753  INFO 31752 --- [    Test worker] j.LocalContainerEntityManagerFactoryBean : Initialized JPA EntityManagerFactory for persistence unit 'default'
2019-12-26 14:59:19.957  INFO 31752 --- [    Test worker] o.h.h.i.QueryTranslatorFactoryInitiator  : HHH000397: Using ASTQueryTranslatorFactory
2019-12-26 14:59:20.149  INFO 31752 --- [    Test worker] o.s.s.web.DefaultSecurityFilterChain     : Creating filter chain: any request, [org.springframework.security.web.context.request.async.WebAsyncManagerIntegrationFilter@ec57dd3, org.springframework.security.web.context.SecurityContextPersistenceFilter@5c63c380, org.springframework.security.web.header.HeaderWriterFilter@6668d104, org.springframework.security.web.authentication.logout.LogoutFilter@6154ee3b, org.springframework.security.oauth2.client.web.OAuth2AuthorizationRequestRedirectFilter@36cefd6e, org.springframework.security.oauth2.client.web.OAuth2LoginAuthenticationFilter@6914393e, org.springframework.security.web.authentication.ui.DefaultLoginPageGeneratingFilter@23e94605, org.springframework.security.web.authentication.ui.DefaultLogoutPageGeneratingFilter@3ca83fe4, org.springframework.security.web.savedrequest.RequestCacheAwareFilter@517b45bc, org.springframework.security.web.servletapi.SecurityContextHolderAwareRequestFilter@71bb4e66, org.springframework.security.web.authentication.AnonymousAuthenticationFilter@7dcc9092, org.springframework.security.web.session.SessionManagementFilter@42320642, org.springframework.security.web.access.ExceptionTranslationFilter@2f544838, org.springframework.security.web.access.intercept.FilterSecurityInterceptor@767884f3]
2019-12-26 14:59:20.370 DEBUG 31752 --- [    Test worker] o.s.w.s.handler.SimpleUrlHandlerMapping  : Patterns [/**/favicon.ico] in 'faviconHandlerMapping'
2019-12-26 14:59:20.501  INFO 31752 --- [    Test worker] o.s.s.concurrent.ThreadPoolTaskExecutor  : Initializing ExecutorService 'applicationTaskExecutor'
2019-12-26 14:59:20.517 DEBUG 31752 --- [    Test worker] s.w.s.m.m.a.RequestMappingHandlerAdapter : ControllerAdvice beans: 0 @ModelAttribute, 0 @InitBinder, 1 RequestBodyAdvice, 1 ResponseBodyAdvice
2019-12-26 14:59:20.519  WARN 31752 --- [    Test worker] aWebConfiguration$JpaWebMvcConfiguration : spring.jpa.open-in-view is enabled by default. Therefore, database queries may be performed during view rendering. Explicitly configure spring.jpa.open-in-view to disable this warning
2019-12-26 14:59:20.553 DEBUG 31752 --- [    Test worker] s.w.s.m.m.a.RequestMappingHandlerMapping : 11 mappings in 'requestMappingHandlerMapping'
2019-12-26 14:59:20.558  INFO 31752 --- [    Test worker] o.s.b.a.w.s.WelcomePageHandlerMapping    : Adding welcome page template: index
2019-12-26 14:59:20.587 DEBUG 31752 --- [    Test worker] o.s.w.s.handler.SimpleUrlHandlerMapping  : Patterns [/webjars/**, /**] in 'resourceHandlerMapping'
2019-12-26 14:59:20.599 DEBUG 31752 --- [    Test worker] .m.m.a.ExceptionHandlerExceptionResolver : ControllerAdvice beans: 0 @ExceptionHandler, 1 ResponseBodyAdvice
2019-12-26 14:59:21.002  INFO 31752 --- [    Test worker] s.a.ScheduledAnnotationBeanPostProcessor : No TaskScheduler/ScheduledExecutorService bean found for scheduled processing
2019-12-26 14:59:21.003  INFO 31752 --- [    Test worker] c.h.s.w.d.posts.PostsRepositoryTest      : Started PostsRepositoryTest in 1.824 seconds (JVM running for 10.678)
Hibernate: insert into posts (id, created_date, modifyied_date, author, content, title) values (null, ?, ?, ?, ?, ?)
Hibernate: select posts0_.id as id1_0_, posts0_.created_date as created_2_0_, posts0_.modifyied_date as modifyie3_0_, posts0_.author as author4_0_, posts0_.content as content5_0_, posts0_.title as title6_0_ from posts posts0_
Hibernate: select posts0_.id as id1_0_, posts0_.created_date as created_2_0_, posts0_.modifyied_date as modifyie3_0_, posts0_.author as author4_0_, posts0_.content as content5_0_, posts0_.title as title6_0_ from posts posts0_
Hibernate: delete from posts where id=?
Hibernate: insert into posts (id, created_date, modifyied_date, author, content, title) values (null, ?, ?, ?, ?, ?)
Hibernate: select posts0_.id as id1_0_, posts0_.created_date as created_2_0_, posts0_.modifyied_date as modifyie3_0_, posts0_.author as author4_0_, posts0_.content as content5_0_, posts0_.title as title6_0_ from posts posts0_
>>>>> createDate=2019-12-26T14:59:21.273, modifiedDate=2019-12-26T14:59:21.273
Hibernate: select posts0_.id as id1_0_, posts0_.created_date as created_2_0_, posts0_.modifyied_date as modifyie3_0_, posts0_.author as author4_0_, posts0_.content as content5_0_, posts0_.title as title6_0_ from posts posts0_
Hibernate: delete from posts where id=?
]]></system-out>
  <system-err><![CDATA[]]></system-err>
</testsuite>
